<?xml version="1.0" encoding="UTF-8"?>
<testsuite xmlns:xsi="http://www.w3.org/2001/XMLSchema-instance" xsi:noNamespaceSchemaLocation="https://maven.apache.org/surefire/maven-surefire-plugin/xsd/surefire-test-report-3.0.xsd" version="3.0" name="danil.tiv.library.service.BookServiceTest" time="0.011" tests="4" errors="0" skipped="0" failures="0">
  <properties>
[...]
</properties>
  <testcase name="testAddBook" classname="danil.tiv.library.service.BookServiceTest" time="0.004"/>
  <testcase name="testDeleteBookById" classname="danil.tiv.library.service.BookServiceTest" time="0.002"/>
  <testcase name="testGetAllBooks" classname="danil.tiv.library.service.BookServiceTest" time="0.001"/>
  <testcase name="testGetBookById" classname="danil.tiv.library.service.BookServiceTest" time="0.001"/>
</testsuite>